[2022-05-02 20:39:38.777] [exthost] [info] Extension host with pid 34164 started
[2022-05-02 20:39:38.777] [exthost] [info] Skipping acquiring lock for /home/joakim/.config/VSCodium/User/workspaceStorage/fbf424afbeba875ef2fdbee04f0f04af.
[2022-05-02 20:39:39.016] [exthost] [info] ExtensionService#_doActivateExtension vscode.typescript-language-features, startup: false, activationEvent: 'onLanguage:javascript'
[2022-05-02 20:39:39.222] [exthost] [info] ExtensionService#_doActivateExtension dsznajder.es7-react-js-snippets, startup: false, activationEvent: 'onLanguage:javascript'
[2022-05-02 20:39:40.732] [exthost] [info] ExtensionService#_doActivateExtension vscode.debug-auto-launch, startup: true, activationEvent: '*'
[2022-05-02 20:39:40.818] [exthost] [info] ExtensionService#_doActivateExtension vscode.git-base, startup: true, activationEvent: '*', root cause: vscode.git
[2022-05-02 20:39:40.827] [exthost] [info] ExtensionService#_doActivateExtension vscode.ipynb, startup: true, activationEvent: '*'
[2022-05-02 20:39:40.837] [exthost] [info] ExtensionService#_doActivateExtension franneck94.vscode-c-cpp-config, startup: true, activationEvent: '*'
[2022-05-02 20:39:40.878] [exthost] [info] ExtensionService#_doActivateExtension TabNine.tabnine-vscode, startup: true, activationEvent: '*'
[2022-05-02 20:39:40.989] [exthost] [info] ExtensionService#_doActivateExtension vscode.npm, startup: true, activationEvent: 'workspaceContains:package.json'
[2022-05-02 20:39:41.557] [exthost] [info] ExtensionService#_doActivateExtension vscode.git, startup: true, activationEvent: '*'
[2022-05-02 20:39:42.452] [exthost] [info] ExtensionService#_doActivateExtension vscode.github, startup: true, activationEvent: '*'
[2022-05-02 20:39:43.370] [exthost] [info] ExtensionService#_doActivateExtension vscode.configuration-editing, startup: false, activationEvent: 'onLanguage:jsonc'
[2022-05-02 20:39:43.593] [exthost] [info] ExtensionService#_doActivateExtension vscode.json-language-features, startup: false, activationEvent: 'onLanguage:jsonc'
[2022-05-02 20:39:45.146] [exthost] [info] Eager extensions activated
[2022-05-02 20:39:45.264] [exthost] [info] ExtensionService#_doActivateExtension vscode.emmet, startup: false, activationEvent: 'onStartupFinished'
[2022-05-02 20:39:45.974] [exthost] [info] ExtensionService#_doActivateExtension vscode.merge-conflict, startup: false, activationEvent: 'onStartupFinished'
[2022-05-02 20:39:46.273] [exthost] [info] ExtensionService#_doActivateExtension vadimcn.vscode-lldb, startup: false, activationEvent: 'onStartupFinished'
[2022-05-02 20:40:12.147] [exthost] [info] extension host terminating: renderer closed the socket
[2022-05-02 20:40:13.224] [exthost] [info] Extension host with pid 34164 exiting with code 0
