[2022-04-26T09:45:41.664Z] Validating found git in: git
[2022-04-26T09:45:41.696Z] Using git 2.36.0 from git
[2022-04-26T09:45:41.755Z] > git rev-parse --git-dir [3ms]
[2022-04-26T09:45:41.767Z] Open repository: /home/joakim/CodingTest
[2022-04-26T09:45:41.798Z] > git symbolic-ref --short HEAD [2ms]
[2022-04-26T09:45:41.808Z] > git for-each-ref --format=%(refname)%00%(upstream:short)%00%(objectname)%00%(upstream:track) refs/heads/main refs/remotes/main [5ms]
[2022-04-26T09:45:41.913Z] > git remote --verbose [79ms]
[2022-04-26T09:45:41.914Z] > git for-each-ref --sort -committerdate --format %(refname) %(objectname) %(*objectname) [95ms]
[2022-04-26T09:45:41.978Z] > git config --get commit.template [36ms]
[2022-04-26T09:45:42.235Z] > git ls-files --stage -- /home/joakim/CodingTest/coloring_book.cpp [3ms]
[2022-04-26T09:45:42.245Z] > git cat-file -s f86b525b806fdea25be5251d81e4fd0a9d8c5390 [1ms]
[2022-04-26T09:49:56.804Z] > git log --format=%H%n%aN%n%aE%n%at%n%ct%n%P%n%B -z -n21 -- /home/joakim/CodingTest/coloring_book.cpp [3ms]
[2022-04-26T09:50:18.928Z] > git ls-files --stage -- /home/joakim/CodingTest/.vscode/tasks.json [13ms]
[2022-04-26T09:50:19.344Z] > git symbolic-ref --short HEAD [3ms]
[2022-04-26T09:50:19.350Z] > git for-each-ref --format=%(refname)%00%(upstream:short)%00%(objectname)%00%(upstream:track) refs/heads/main refs/remotes/main [2ms]
[2022-04-26T09:50:19.361Z] > git for-each-ref --sort -committerdate --format %(refname) %(objectname) %(*objectname) [5ms]
[2022-04-26T09:50:19.361Z] > git remote --verbose [2ms]
[2022-04-26T09:50:19.373Z] > git config --get commit.template [3ms]
[2022-04-26T09:54:20.262Z] > git ls-files --stage -- /home/joakim/CodingTest/.vscode/tasks.json [3ms]
[2022-04-26T09:54:57.297Z] > git symbolic-ref --short HEAD [2ms]
[2022-04-26T09:54:57.304Z] > git for-each-ref --format=%(refname)%00%(upstream:short)%00%(objectname)%00%(upstream:track) refs/heads/main refs/remotes/main [2ms]
[2022-04-26T09:54:57.315Z] > git remote --verbose [1ms]
[2022-04-26T09:54:57.316Z] > git for-each-ref --sort -committerdate --format %(refname) %(objectname) %(*objectname) [7ms]
[2022-04-26T09:54:57.327Z] > git config --get commit.template [2ms]
[2022-04-26T09:56:42.581Z] > git ls-files --stage -- /home/joakim/CodingTest/coloring_book.cpp [2ms]
[2022-04-26T09:56:42.587Z] > git cat-file -s f86b525b806fdea25be5251d81e4fd0a9d8c5390 [1ms]
[2022-04-26T09:56:46.748Z] > git symbolic-ref --short HEAD [3ms]
[2022-04-26T09:56:46.754Z] > git for-each-ref --format=%(refname)%00%(upstream:short)%00%(objectname)%00%(upstream:track) refs/heads/main refs/remotes/main [2ms]
[2022-04-26T09:56:46.764Z] > git for-each-ref --sort -committerdate --format %(refname) %(objectname) %(*objectname) [6ms]
[2022-04-26T09:56:46.764Z] > git remote --verbose [1ms]
[2022-04-26T09:56:46.774Z] > git config --get commit.template [2ms]
[2022-04-26T09:57:12.890Z] > git symbolic-ref --short HEAD [1ms]
[2022-04-26T09:57:12.896Z] > git for-each-ref --format=%(refname)%00%(upstream:short)%00%(objectname)%00%(upstream:track) refs/heads/main refs/remotes/main [1ms]
[2022-04-26T09:57:12.906Z] > git for-each-ref --sort -committerdate --format %(refname) %(objectname) %(*objectname) [5ms]
[2022-04-26T09:57:12.907Z] > git remote --verbose [2ms]
[2022-04-26T09:57:12.914Z] > git config --get commit.template [1ms]
[2022-04-26T09:57:54.517Z] > git ls-files --stage -- /home/joakim/CodingTest/.vscode/tasks.json [2ms]
