[2022-04-26T09:59:05.416Z] Validating found git in: git
[2022-04-26T09:59:05.469Z] Using git 2.36.0 from git
[2022-04-26T09:59:05.542Z] > git rev-parse --git-dir [9ms]
[2022-04-26T09:59:05.563Z] Open repository: /home/joakim/CodingTest
[2022-04-26T09:59:05.649Z] > git symbolic-ref --short HEAD [8ms]
[2022-04-26T09:59:05.694Z] > git for-each-ref --format=%(refname)%00%(upstream:short)%00%(objectname)%00%(upstream:track) refs/heads/main refs/remotes/main [6ms]
[2022-04-26T09:59:05.782Z] > git remote --verbose [33ms]
[2022-04-26T09:59:05.784Z] > git for-each-ref --sort -committerdate --format %(refname) %(objectname) %(*objectname) [64ms]
[2022-04-26T09:59:05.813Z] > git config --get commit.template [1ms]
[2022-04-26T09:59:06.191Z] > git ls-files --stage -- /home/joakim/CodingTest/.vscode/tasks.json [3ms]
[2022-04-26T09:59:55.188Z] > git ls-files --stage -- /home/joakim/CodingTest/coloring_book.cpp [87ms]
[2022-04-26T09:59:55.203Z] > git cat-file -s f86b525b806fdea25be5251d81e4fd0a9d8c5390 [9ms]
[2022-04-26T10:00:02.231Z] > git ls-files --stage -- /home/joakim/CodingTest/.vscode/tasks.json [7ms]
[2022-04-26T10:00:03.086Z] > git symbolic-ref --short HEAD [2ms]
[2022-04-26T10:00:03.095Z] > git for-each-ref --format=%(refname)%00%(upstream:short)%00%(objectname)%00%(upstream:track) refs/heads/main refs/remotes/main [5ms]
[2022-04-26T10:00:03.108Z] > git for-each-ref --sort -committerdate --format %(refname) %(objectname) %(*objectname) [6ms]
[2022-04-26T10:00:03.109Z] > git remote --verbose [2ms]
[2022-04-26T10:00:03.125Z] > git config --get commit.template [2ms]
[2022-04-26T10:00:11.923Z] > git ls-files --stage -- /home/joakim/CodingTest/coloring_book.cpp [2ms]
[2022-04-26T10:00:11.928Z] > git cat-file -s f86b525b806fdea25be5251d81e4fd0a9d8c5390 [1ms]
[2022-04-26T10:00:15.770Z] > git symbolic-ref --short HEAD [1ms]
[2022-04-26T10:00:15.777Z] > git for-each-ref --format=%(refname)%00%(upstream:short)%00%(objectname)%00%(upstream:track) refs/heads/main refs/remotes/main [2ms]
[2022-04-26T10:00:15.786Z] > git for-each-ref --sort -committerdate --format %(refname) %(objectname) %(*objectname) [5ms]
[2022-04-26T10:00:15.786Z] > git remote --verbose [1ms]
[2022-04-26T10:00:15.795Z] > git config --get commit.template [2ms]
[2022-04-26T10:01:17.476Z] > git symbolic-ref --short HEAD [2ms]
[2022-04-26T10:01:17.481Z] > git for-each-ref --format=%(refname)%00%(upstream:short)%00%(objectname)%00%(upstream:track) refs/heads/main refs/remotes/main [1ms]
[2022-04-26T10:01:17.491Z] > git for-each-ref --sort -committerdate --format %(refname) %(objectname) %(*objectname) [5ms]
[2022-04-26T10:01:17.491Z] > git remote --verbose [1ms]
[2022-04-26T10:01:17.499Z] > git config --get commit.template [2ms]
[2022-04-26T10:01:51.171Z] > git symbolic-ref --short HEAD [2ms]
[2022-04-26T10:01:51.177Z] > git for-each-ref --format=%(refname)%00%(upstream:short)%00%(objectname)%00%(upstream:track) refs/heads/main refs/remotes/main [2ms]
[2022-04-26T10:01:51.187Z] > git for-each-ref --sort -committerdate --format %(refname) %(objectname) %(*objectname) [6ms]
[2022-04-26T10:01:51.187Z] > git remote --verbose [1ms]
[2022-04-26T10:01:51.195Z] > git config --get commit.template [1ms]
[2022-04-26T10:01:56.208Z] > git symbolic-ref --short HEAD [1ms]
[2022-04-26T10:01:56.214Z] > git for-each-ref --format=%(refname)%00%(upstream:short)%00%(objectname)%00%(upstream:track) refs/heads/main refs/remotes/main [1ms]
[2022-04-26T10:01:56.223Z] > git for-each-ref --sort -committerdate --format %(refname) %(objectname) %(*objectname) [5ms]
[2022-04-26T10:01:56.224Z] > git remote --verbose [2ms]
[2022-04-26T10:01:56.231Z] > git config --get commit.template [1ms]
[2022-04-26T10:02:01.244Z] > git symbolic-ref --short HEAD [2ms]
[2022-04-26T10:02:01.250Z] > git for-each-ref --format=%(refname)%00%(upstream:short)%00%(objectname)%00%(upstream:track) refs/heads/main refs/remotes/main [1ms]
[2022-04-26T10:02:01.260Z] > git for-each-ref --sort -committerdate --format %(refname) %(objectname) %(*objectname) [6ms]
[2022-04-26T10:02:01.261Z] > git remote --verbose [2ms]
[2022-04-26T10:02:01.269Z] > git config --get commit.template [1ms]
[2022-04-26T10:02:20.085Z] > git symbolic-ref --short HEAD [2ms]
[2022-04-26T10:02:20.090Z] > git for-each-ref --format=%(refname)%00%(upstream:short)%00%(objectname)%00%(upstream:track) refs/heads/main refs/remotes/main [1ms]
[2022-04-26T10:02:20.099Z] > git for-each-ref --sort -committerdate --format %(refname) %(objectname) %(*objectname) [5ms]
[2022-04-26T10:02:20.100Z] > git remote --verbose [2ms]
[2022-04-26T10:02:20.109Z] > git config --get commit.template [1ms]
[2022-04-26T10:56:55.017Z] > git symbolic-ref --short HEAD [2ms]
[2022-04-26T10:56:55.067Z] > git for-each-ref --format=%(refname)%00%(upstream:short)%00%(objectname)%00%(upstream:track) refs/heads/main refs/remotes/main [2ms]
[2022-04-26T10:56:55.086Z] > git remote --verbose [2ms]
[2022-04-26T10:56:55.087Z] > git for-each-ref --sort -committerdate --format %(refname) %(objectname) %(*objectname) [8ms]
[2022-04-26T10:56:55.101Z] > git config --get commit.template [2ms]
[2022-04-26T10:57:00.122Z] > git symbolic-ref --short HEAD [1ms]
[2022-04-26T10:57:00.132Z] > git for-each-ref --format=%(refname)%00%(upstream:short)%00%(objectname)%00%(upstream:track) refs/heads/main refs/remotes/main [3ms]
[2022-04-26T10:57:00.148Z] > git remote --verbose [2ms]
[2022-04-26T10:57:00.148Z] > git for-each-ref --sort -committerdate --format %(refname) %(objectname) %(*objectname) [9ms]
[2022-04-26T10:57:00.161Z] > git config --get commit.template [2ms]
[2022-04-26T10:57:00.728Z] > git ls-files --stage -- /home/joakim/CodingTest/coloring_book.cpp [2ms]
[2022-04-26T10:57:00.734Z] > git cat-file -s f86b525b806fdea25be5251d81e4fd0a9d8c5390 [2ms]
[2022-04-26T11:40:59.156Z] > git symbolic-ref --short HEAD [4ms]
[2022-04-26T11:41:00.050Z] > git for-each-ref --format=%(refname)%00%(upstream:short)%00%(objectname)%00%(upstream:track) refs/heads/main refs/remotes/main [554ms]
[2022-04-26T11:41:00.231Z] > git remote --verbose [168ms]
[2022-04-26T11:41:00.231Z] > git for-each-ref --sort -committerdate --format %(refname) %(objectname) %(*objectname) [174ms]
[2022-04-26T11:41:00.255Z] > git config --get commit.template [1ms]
[2022-04-26T11:50:59.720Z] > git symbolic-ref --short HEAD [3ms]
[2022-04-26T11:51:00.892Z] > git for-each-ref --format=%(refname)%00%(upstream:short)%00%(objectname)%00%(upstream:track) refs/heads/main refs/remotes/main [155ms]
[2022-04-26T11:51:01.861Z] > git for-each-ref --sort -committerdate --format %(refname) %(objectname) %(*objectname) [963ms]
[2022-04-26T11:51:01.861Z] > git remote --verbose [958ms]
[2022-04-26T11:51:01.869Z] > git config --get commit.template [1ms]
[2022-04-26T11:51:54.095Z] > git symbolic-ref --short HEAD [1ms]
[2022-04-26T11:51:54.139Z] > git for-each-ref --format=%(refname)%00%(upstream:short)%00%(objectname)%00%(upstream:track) refs/heads/main refs/remotes/main [30ms]
[2022-04-26T11:51:54.149Z] > git for-each-ref --sort -committerdate --format %(refname) %(objectname) %(*objectname) [6ms]
[2022-04-26T11:51:54.150Z] > git remote --verbose [2ms]
[2022-04-26T11:51:54.157Z] > git config --get commit.template [1ms]
