[2022-04-26 18:45:40.192] [exthost] [info] Extension host with pid 30866 started
[2022-04-26 18:45:40.192] [exthost] [info] Skipping acquiring lock for /home/joakim/.config/VSCodium/User/workspaceStorage/4f6c8edd3e7dfe12b634e6060240a394.
[2022-04-26 18:45:40.639] [exthost] [info] ExtensionService#_doActivateExtension vscode.debug-auto-launch, startup: true, activationEvent: '*'
[2022-04-26 18:45:40.644] [exthost] [info] ExtensionService#_doActivateExtension vscode.git-base, startup: true, activationEvent: '*', root cause: vscode.git
[2022-04-26 18:45:40.648] [exthost] [info] ExtensionService#_doActivateExtension vscode.ipynb, startup: true, activationEvent: '*'
[2022-04-26 18:45:40.657] [exthost] [info] ExtensionService#_doActivateExtension franneck94.vscode-c-cpp-config, startup: true, activationEvent: '*'
[2022-04-26 18:45:41.538] [exthost] [info] ExtensionService#_doActivateExtension vscode.git, startup: true, activationEvent: '*'
[2022-04-26 18:45:41.579] [exthost] [info] ExtensionService#_doActivateExtension vscode.github, startup: true, activationEvent: '*'
[2022-04-26 18:45:41.732] [exthost] [info] Eager extensions activated
[2022-04-26 18:45:41.850] [exthost] [info] ExtensionService#_doActivateExtension vscode.emmet, startup: false, activationEvent: 'onStartupFinished'
[2022-04-26 18:45:41.869] [exthost] [info] ExtensionService#_doActivateExtension vscode.merge-conflict, startup: false, activationEvent: 'onStartupFinished'
[2022-04-26 18:45:41.873] [exthost] [info] ExtensionService#_doActivateExtension vadimcn.vscode-lldb, startup: false, activationEvent: 'onStartupFinished'
[2022-04-26 18:45:48.850] [exthost] [info] ExtensionService#_doActivateExtension vscode.grunt, startup: false, activationEvent: 'onTaskType:grunt'
[2022-04-26 18:45:48.853] [exthost] [info] ExtensionService#_doActivateExtension vscode.gulp, startup: false, activationEvent: 'onTaskType:gulp'
[2022-04-26 18:45:48.856] [exthost] [info] ExtensionService#_doActivateExtension vscode.jake, startup: false, activationEvent: 'onTaskType:jake'
[2022-04-26 18:45:48.858] [exthost] [info] ExtensionService#_doActivateExtension vscode.npm, startup: false, activationEvent: 'onTaskType:npm'
[2022-04-26 18:45:48.880] [exthost] [info] ExtensionService#_doActivateExtension vscode.typescript-language-features, startup: false, activationEvent: 'onTaskType:typescript'
[2022-04-26 18:50:18.514] [exthost] [info] ExtensionService#_doActivateExtension vscode.configuration-editing, startup: false, activationEvent: 'onLanguage:jsonc'
[2022-04-26 18:50:18.526] [exthost] [info] ExtensionService#_doActivateExtension vscode.json-language-features, startup: false, activationEvent: 'onLanguage:jsonc'
[2022-04-26 18:53:57.048] [exthost] [info] ExtensionService#_doActivateExtension llvm-vs-code-extensions.vscode-clangd, startup: false, activationEvent: 'onLanguage:cpp'
[2022-04-26 18:59:00.144] [exthost] [info] extension host terminating: renderer closed the socket
[2022-04-26 18:59:00.167] [exthost] [info] Extension host with pid 30866 exiting with code 0
[2022-04-26 18:59:04.586] [exthost] [info] Extension host with pid 31258 started
[2022-04-26 18:59:04.586] [exthost] [info] Skipping acquiring lock for /home/joakim/.config/VSCodium/User/workspaceStorage/4f6c8edd3e7dfe12b634e6060240a394.
[2022-04-26 18:59:05.078] [exthost] [info] ExtensionService#_doActivateExtension vscode.configuration-editing, startup: false, activationEvent: 'onLanguage:jsonc'
[2022-04-26 18:59:05.095] [exthost] [info] ExtensionService#_doActivateExtension vscode.json-language-features, startup: false, activationEvent: 'onLanguage:jsonc'
[2022-04-26 18:59:05.145] [exthost] [info] ExtensionService#_doActivateExtension vscode.typescript-language-features, startup: false, activationEvent: 'onLanguage:jsonc'
[2022-04-26 18:59:05.169] [exthost] [info] ExtensionService#_doActivateExtension vscode.debug-auto-launch, startup: true, activationEvent: '*'
[2022-04-26 18:59:05.181] [exthost] [info] ExtensionService#_doActivateExtension vscode.git-base, startup: true, activationEvent: '*', root cause: vscode.git
[2022-04-26 18:59:05.190] [exthost] [info] ExtensionService#_doActivateExtension vscode.ipynb, startup: true, activationEvent: '*'
[2022-04-26 18:59:05.196] [exthost] [info] ExtensionService#_doActivateExtension franneck94.vscode-c-cpp-config, startup: true, activationEvent: '*'
[2022-04-26 18:59:05.317] [exthost] [info] ExtensionService#_doActivateExtension vscode.git, startup: true, activationEvent: '*'
[2022-04-26 18:59:05.380] [exthost] [info] ExtensionService#_doActivateExtension vscode.github, startup: true, activationEvent: '*'
[2022-04-26 18:59:05.508] [exthost] [info] Eager extensions activated
[2022-04-26 18:59:05.829] [exthost] [info] ExtensionService#_doActivateExtension vscode.emmet, startup: false, activationEvent: 'onStartupFinished'
[2022-04-26 18:59:05.860] [exthost] [info] ExtensionService#_doActivateExtension vscode.merge-conflict, startup: false, activationEvent: 'onStartupFinished'
[2022-04-26 18:59:05.864] [exthost] [info] ExtensionService#_doActivateExtension vadimcn.vscode-lldb, startup: false, activationEvent: 'onStartupFinished'
[2022-04-26 18:59:37.168] [exthost] [info] ExtensionService#_doActivateExtension franneck94.c-cpp-runner, startup: false, activationEvent: 'workspaceContains:*.h,*.c,*.hh,*.cc,*.hxx,*.cxx,*.hpp,*.cpp'
[2022-04-26 18:59:58.671] [exthost] [info] ExtensionService#_doActivateExtension vscode.grunt, startup: false, activationEvent: 'onTaskType:grunt'
[2022-04-26 18:59:58.673] [exthost] [info] ExtensionService#_doActivateExtension vscode.gulp, startup: false, activationEvent: 'onTaskType:gulp'
[2022-04-26 18:59:58.674] [exthost] [info] ExtensionService#_doActivateExtension vscode.jake, startup: false, activationEvent: 'onTaskType:jake'
[2022-04-26 18:59:58.677] [exthost] [info] ExtensionService#_doActivateExtension vscode.npm, startup: false, activationEvent: 'onTaskType:npm'
[2022-04-26 20:54:55.082] [exthost] [info] extension host terminating: renderer closed the socket
[2022-04-26 20:54:55.227] [exthost] [info] Extension host with pid 31258 exiting with code 0
