[2022-04-26T09:31:56.092Z] Validating found git in: git
[2022-04-26T09:31:56.119Z] Using git 2.36.0 from git
[2022-04-26T09:31:56.323Z] > git rev-parse --git-dir [151ms]
[2022-04-26T09:31:56.344Z] Open repository: /home/joakim/CodingTest
[2022-04-26T09:31:56.396Z] > git symbolic-ref --short HEAD [2ms]
[2022-04-26T09:31:56.416Z] > git for-each-ref --format=%(refname)%00%(upstream:short)%00%(objectname)%00%(upstream:track) refs/heads/main refs/remotes/main [10ms]
[2022-04-26T09:31:56.454Z] > git for-each-ref --sort -committerdate --format %(refname) %(objectname) %(*objectname) [17ms]
[2022-04-26T09:31:56.462Z] > git remote --verbose [15ms]
[2022-04-26T09:31:56.479Z] > git config --get commit.template [4ms]
[2022-04-26T09:31:56.806Z] > git ls-files --stage -- /home/joakim/CodingTest/key_pad.py [3ms]
[2022-04-26T09:31:56.814Z] > git cat-file -s adb5f59b12e06f8f8b8977879444b132ba3f862b [2ms]
[2022-04-26T09:32:09.269Z] > git ls-files --stage -- /home/joakim/CodingTest/coloring_book.cpp [41ms]
[2022-04-26T09:32:09.277Z] > git cat-file -s f86b525b806fdea25be5251d81e4fd0a9d8c5390 [3ms]
[2022-04-26T09:32:44.776Z] > git symbolic-ref --short HEAD [2ms]
[2022-04-26T09:32:44.781Z] > git for-each-ref --format=%(refname)%00%(upstream:short)%00%(objectname)%00%(upstream:track) refs/heads/main refs/remotes/main [1ms]
[2022-04-26T09:32:44.791Z] > git for-each-ref --sort -committerdate --format %(refname) %(objectname) %(*objectname) [5ms]
[2022-04-26T09:32:44.792Z] > git remote --verbose [2ms]
[2022-04-26T09:32:44.802Z] > git config --get commit.template [2ms]
[2022-04-26T09:36:20.279Z] > git ls-files --stage -- /home/joakim/CodingTest/coloring_book.cpp [2ms]
[2022-04-26T09:36:20.288Z] > git cat-file -s f86b525b806fdea25be5251d81e4fd0a9d8c5390 [1ms]
[2022-04-26T09:37:57.073Z] > git ls-files --stage -- /home/joakim/CodingTest/coloring_book.cpp [1ms]
[2022-04-26T09:37:57.080Z] > git cat-file -s f86b525b806fdea25be5251d81e4fd0a9d8c5390 [1ms]
[2022-04-26T09:38:24.672Z] > git log --format=%H%n%aN%n%aE%n%at%n%ct%n%P%n%B -z -n21 -- /home/joakim/CodingTest/coloring_book.cpp [3ms]
[2022-04-26T09:38:35.782Z] > git symbolic-ref --short HEAD [2ms]
[2022-04-26T09:38:35.788Z] > git for-each-ref --format=%(refname)%00%(upstream:short)%00%(objectname)%00%(upstream:track) refs/heads/main refs/remotes/main [1ms]
[2022-04-26T09:38:35.799Z] > git for-each-ref --sort -committerdate --format %(refname) %(objectname) %(*objectname) [6ms]
[2022-04-26T09:38:35.800Z] > git remote --verbose [2ms]
[2022-04-26T09:38:35.808Z] > git config --get commit.template [1ms]
[2022-04-26T09:39:58.102Z] > git ls-files --stage -- /home/joakim/CodingTest/.vscode/tasks.json [8ms]
[2022-04-26T09:39:58.897Z] > git symbolic-ref --short HEAD [2ms]
[2022-04-26T09:39:58.904Z] > git for-each-ref --format=%(refname)%00%(upstream:short)%00%(objectname)%00%(upstream:track) refs/heads/main refs/remotes/main [2ms]
[2022-04-26T09:39:58.915Z] > git for-each-ref --sort -committerdate --format %(refname) %(objectname) %(*objectname) [6ms]
[2022-04-26T09:39:58.916Z] > git remote --verbose [2ms]
[2022-04-26T09:39:58.925Z] > git config --get commit.template [1ms]
[2022-04-26T09:40:24.718Z] > git ls-files --stage -- /home/joakim/CodingTest/coloring_book.cpp [2ms]
[2022-04-26T09:40:24.731Z] > git cat-file -s f86b525b806fdea25be5251d81e4fd0a9d8c5390 [2ms]
[2022-04-26T09:42:31.696Z] > git ls-files --stage -- /home/joakim/CodingTest/coloring_book.cpp [1ms]
[2022-04-26T09:42:31.703Z] > git cat-file -s f86b525b806fdea25be5251d81e4fd0a9d8c5390 [2ms]
[2022-04-26T09:42:47.393Z] > git ls-files --stage -- /home/joakim/CodingTest/.vscode/launch.json [3ms]
